{"total": {"lines":{"total":727,"covered":226,"skipped":0,"pct":31.08},"statements":{"total":807,"covered":245,"skipped":0,"pct":30.35},"functions":{"total":133,"covered":44,"skipped":0,"pct":33.08},"branches":{"total":817,"covered":232,"skipped":0,"pct":28.39},"branchesTrue":{"total":0,"covered":0,"skipped":0,"pct":100}}
,"C:\\Dev2\\Petshop_Management_V2\\apps\\api\\src\\common\\utils\\branch-identity.util.ts": {"lines":{"total":9,"covered":5,"skipped":0,"pct":55.55},"functions":{"total":1,"covered":1,"skipped":0,"pct":100},"statements":{"total":9,"covered":5,"skipped":0,"pct":55.55},"branches":{"total":6,"covered":1,"skipped":0,"pct":16.66}}
,"C:\\Dev2\\Petshop_Management_V2\\apps\\api\\src\\common\\utils\\branch-scope.util.ts": {"lines":{"total":35,"covered":14,"skipped":0,"pct":40},"functions":{"total":6,"covered":4,"skipped":0,"pct":66.66},"statements":{"total":38,"covered":16,"skipped":0,"pct":42.1},"branches":{"total":32,"covered":7,"skipped":0,"pct":21.87}}
,"C:\\Dev2\\Petshop_Management_V2\\apps\\api\\src\\common\\utils\\finance-voucher.util.ts": {"lines":{"total":15,"covered":15,"skipped":0,"pct":100},"functions":{"total":3,"covered":3,"skipped":0,"pct":100},"statements":{"total":15,"covered":15,"skipped":0,"pct":100},"branches":{"total":5,"covered":4,"skipped":0,"pct":80}}
,"C:\\Dev2\\Petshop_Management_V2\\apps\\api\\src\\common\\utils\\sequential-code.util.ts": {"lines":{"total":17,"covered":15,"skipped":0,"pct":88.23},"functions":{"total":3,"covered":3,"skipped":0,"pct":100},"statements":{"total":17,"covered":15,"skipped":0,"pct":88.23},"branches":{"total":5,"covered":2,"skipped":0,"pct":40}}
,"C:\\Dev2\\Petshop_Management_V2\\apps\\api\\src\\database\\database.service.ts": {"lines":{"total":6,"covered":3,"skipped":0,"pct":50},"functions":{"total":3,"covered":0,"skipped":0,"pct":0},"statements":{"total":8,"covered":5,"skipped":0,"pct":62.5},"branches":{"total":2,"covered":0,"skipped":0,"pct":0}}
,"C:\\Dev2\\Petshop_Management_V2\\apps\\api\\src\\modules\\customer\\customer.service.ts": {"lines":{"total":161,"covered":24,"skipped":0,"pct":14.9},"functions":{"total":25,"covered":5,"skipped":0,"pct":20},"statements":{"total":188,"covered":27,"skipped":0,"pct":14.36},"branches":{"total":166,"covered":43,"skipped":0,"pct":25.9}}
,"C:\\Dev2\\Petshop_Management_V2\\apps\\api\\src\\modules\\pet\\pet.service.ts": {"lines":{"total":105,"covered":52,"skipped":0,"pct":49.52},"functions":{"total":22,"covered":15,"skipped":0,"pct":68.18},"statements":{"total":120,"covered":59,"skipped":0,"pct":49.16},"branches":{"total":77,"covered":21,"skipped":0,"pct":27.27}}
,"C:\\Dev2\\Petshop_Management_V2\\apps\\api\\src\\modules\\reports\\reports.service.ts": {"lines":{"total":379,"covered":98,"skipped":0,"pct":25.85},"functions":{"total":70,"covered":13,"skipped":0,"pct":18.57},"statements":{"total":412,"covered":103,"skipped":0,"pct":25},"branches":{"total":524,"covered":154,"skipped":0,"pct":29.38}}
}
